This is pdfTeX, Version 3.141592653-2.6-1.40.24 (TeX Live 2022) (preloaded format=pdflatex 2023.1.9)  28 JUN 2024 13:21
entering extended mode
 restricted \write18 enabled.
 file:line:error style messages enabled.
 %&-line parsing enabled.
**Barr_Articles_Chapters_no_year_subheadings.tex
(./Barr_Articles_Chapters_no_year_subheadings.tex
LaTeX2e <2021-11-15> patch level 1
L3 programming layer <2022-02-24>

./Barr_Articles_Chapters_no_year_subheadings.tex:1: LaTeX Error: Environment et
aremune undefined.

See the LaTeX manual or LaTeX Companion for explanation.
Type  H <return>  for immediate help.
 ...                                              
                                                  
l.1 \begin{etaremune}
                     
? 
./Barr_Articles_Chapters_no_year_subheadings.tex:1: Emergency stop.
 ...                                              
                                                  
l.1 \begin{etaremune}
                     
Your command was ignored.
Type  I <command> <return>  to replace it with another command,
or  <return>  to continue without it.

 
Here is how much of TeX's memory you used:
 17 strings out of 478268
 663 string characters out of 5846348
 289381 words of memory out of 5000000
 18325 multiletter control sequences out of 15000+600000
 469259 words of font info for 28 fonts, out of 8000000 for 9000
 1141 hyphenation exceptions out of 8191
 13i,0n,12p,95b,16s stack positions out of 10000i,1000n,20000p,200000b,200000s
./Barr_Articles_Chapters_no_year_subheadings.tex:1:  ==> Fatal error occurred, 
no output PDF file produced!
